<?xml version="1.0" encoding="UTF-8"?>
<testng-results ignored="0" total="1" passed="0" failed="1" skipped="0">
  <reporter-output>
  </reporter-output>
  <suite started-at="2023-04-24T19:04:23 IST" name="Default suite" finished-at="2023-04-24T19:04:23 IST" duration-ms="133">
    <groups>
    </groups>
    <test started-at="2023-04-24T19:04:23 IST" name="Default test" finished-at="2023-04-24T19:04:23 IST" duration-ms="133">
      <class name="test.ActitimeTest">
        <test-method signature="actiTimelogin()[pri:0, instance:test.ActitimeTest@3967e60c]" started-at="2023-04-24T19:04:23 IST" name="actiTimelogin" finished-at="2023-04-24T19:04:23 IST" duration-ms="64" status="FAIL">
          <exception class="java.lang.IllegalStateException">
            <message>
              <![CDATA[The driver executable must exist: C:\Users\Asus\Desktop\JAGA AUTOMATION\Automationframework\.\drivers\chromedriver.exe]]>
            </message>
            <full-stacktrace>
              <![CDATA[java.lang.IllegalStateException: The driver executable must exist: C:\Users\Asus\Desktop\JAGA AUTOMATION\Automationframework\.\drivers\chromedriver.exe
at org.openqa.selenium.internal.Require$FileStateChecker.isFile(Require.java:315)
at org.openqa.selenium.remote.service.DriverService.checkExecutable(DriverService.java:144)
at org.openqa.selenium.remote.service.DriverService.findExecutable(DriverService.java:139)
at org.openqa.selenium.chrome.ChromeDriverService.access$000(ChromeDriverService.java:38)
at org.openqa.selenium.chrome.ChromeDriverService$Builder.findDefaultExecutable(ChromeDriverService.java:231)
at org.openqa.selenium.remote.service.DriverService$Builder.build(DriverService.java:434)
at org.openqa.selenium.chrome.ChromeDriverService.createServiceWithConfig(ChromeDriverService.java:141)
at org.openqa.selenium.chrome.ChromeDriver.<init>(ChromeDriver.java:80)
at test.ActitimeTest.actiTimelogin(ActitimeTest.java:22)
at java.base/jdk.internal.reflect.DirectMethodHandleAccessor.invoke(DirectMethodHandleAccessor.java:104)
at java.base/java.lang.reflect.Method.invoke(Method.java:578)
at org.testng.internal.MethodInvocationHelper.invokeMethod(MethodInvocationHelper.java:133)
at org.testng.internal.TestInvoker.invokeMethod(TestInvoker.java:598)
at org.testng.internal.TestInvoker.invokeTestMethod(TestInvoker.java:173)
at org.testng.internal.MethodRunner.runInSequence(MethodRunner.java:46)
at org.testng.internal.TestInvoker$MethodInvocationAgent.invoke(TestInvoker.java:824)
at org.testng.internal.TestInvoker.invokeTestMethods(TestInvoker.java:146)
at org.testng.internal.TestMethodWorker.invokeTestMethods(TestMethodWorker.java:146)
at org.testng.internal.TestMethodWorker.run(TestMethodWorker.java:128)
at java.base/java.util.ArrayList.forEach(ArrayList.java:1511)
at org.testng.TestRunner.privateRun(TestRunner.java:794)
at org.testng.TestRunner.run(TestRunner.java:596)
at org.testng.SuiteRunner.runTest(SuiteRunner.java:377)
at org.testng.SuiteRunner.runSequentially(SuiteRunner.java:371)
at org.testng.SuiteRunner.privateRun(SuiteRunner.java:332)
at org.testng.SuiteRunner.run(SuiteRunner.java:276)
at org.testng.SuiteRunnerWorker.runSuite(SuiteRunnerWorker.java:53)
at org.testng.SuiteRunnerWorker.run(SuiteRunnerWorker.java:96)
at org.testng.TestNG.runSuitesSequentially(TestNG.java:1212)
at org.testng.TestNG.runSuitesLocally(TestNG.java:1134)
at org.testng.TestNG.runSuites(TestNG.java:1063)
at org.testng.TestNG.run(TestNG.java:1031)
at org.testng.remote.AbstractRemoteTestNG.run(AbstractRemoteTestNG.java:115)
at org.testng.remote.RemoteTestNG.initAndRun(RemoteTestNG.java:251)
at org.testng.remote.RemoteTestNG.main(RemoteTestNG.java:77)
]]>
            </full-stacktrace>
          </exception> <!-- java.lang.IllegalStateException -->
          <reporter-output>
          </reporter-output>
        </test-method> <!-- actiTimelogin -->
      </class> <!-- test.ActitimeTest -->
    </test> <!-- Default test -->
  </suite> <!-- Default suite -->
</testng-results>
