<?xml version="1.0" encoding="UTF-8"?>
<testng-results ignored="0" total="1" passed="1" failed="0" skipped="0">
  <reporter-output>
  </reporter-output>
  <suite started-at="2023-03-22T18:56:10 IST" name="Default suite" finished-at="2023-03-22T18:56:11 IST" duration-ms="638">
    <groups>
    </groups>
    <test started-at="2023-03-22T18:56:10 IST" name="Default test" finished-at="2023-03-22T18:56:11 IST" duration-ms="638">
      <class name="generics.ReadDataFromExcel">
        <test-method signature="readData()[pri:0, instance:generics.ReadDataFromExcel@59d016c9]" started-at="2023-03-22T18:56:10 IST" name="readData" finished-at="2023-03-22T18:56:11 IST" duration-ms="586" status="PASS">
          <reporter-output>
          </reporter-output>
        </test-method> <!-- readData -->
      </class> <!-- generics.ReadDataFromExcel -->
    </test> <!-- Default test -->
  </suite> <!-- Default suite -->
</testng-results>
